<?xml version="1.0" encoding="UTF-8" ?>
<testsuite failures="0" time="0.056" errors="0" skipped="0" tests="3" name="marytts.language.ko.KoreanConfigTest">
  <properties>
    <property name="java.runtime.name" value="OpenJDK Runtime Environment"/>
    <property name="sun.boot.library.path" value="/usr/lib/jvm/java-6-openjdk-i386/jre/lib/i386"/>
    <property name="java.vm.version" value="20.0-b12"/>
    <property name="java.vm.vendor" value="Sun Microsystems Inc."/>
    <property name="java.vendor.url" value="http://java.sun.com/"/>
    <property name="path.separator" value=":"/>
    <property name="java.vm.name" value="OpenJDK Server VM"/>
    <property name="file.encoding.pkg" value="sun.io"/>
    <property name="user.country" value="US"/>
    <property name="sun.java.launcher" value="SUN_STANDARD"/>
    <property name="sun.os.patch.level" value="unknown"/>
    <property name="java.vm.specification.name" value="Java Virtual Machine Specification"/>
    <property name="user.dir" value="/home/xnote/zevoice/marytts/marytts-lang-ko"/>
    <property name="java.runtime.version" value="1.6.0_27-b27"/>
    <property name="java.awt.graphicsenv" value="sun.awt.X11GraphicsEnvironment"/>
    <property name="basedir" value="/home/xnote/zevoice/marytts/marytts-lang-ko"/>
    <property name="java.endorsed.dirs" value="/usr/lib/jvm/java-6-openjdk-i386/jre/lib/endorsed"/>
    <property name="os.arch" value="i386"/>
    <property name="surefire.real.class.path" value="/home/xnote/zevoice/marytts/marytts-lang-ko/target/surefire/surefirebooter2155773468360836910.jar"/>
    <property name="java.io.tmpdir" value="/tmp"/>
    <property name="line.separator" value="
"/>
    <property name="java.vm.specification.vendor" value="Sun Microsystems Inc."/>
    <property name="os.name" value="Linux"/>
    <property name="sun.jnu.encoding" value="UTF-8"/>
    <property name="java.library.path" value="/usr/lib/jvm/java-6-openjdk-i386/jre/lib/i386/server:/usr/lib/jvm/java-6-openjdk-i386/jre/lib/i386:/usr/lib/jvm/java-6-openjdk-i386/jre/../lib/i386:/opt/ThirdParty-2.2.0/platforms/linuxGcc/gperftools-svn/lib:/opt/openfoam220/platforms/linuxGccDPOpt/lib/openmpi-system:/opt/ThirdParty-2.2.0/platforms/linuxGccDPOpt/lib/openmpi-system:/usr/lib/openmpi/lib:/home/xnote/OpenFOAM/xnote-2.2.0/platforms/linuxGccDPOpt/lib:/opt/site/2.2.0/platforms/linuxGccDPOpt/lib:/opt/openfoam220/platforms/linuxGccDPOpt/lib:/opt/ThirdParty-2.2.0/platforms/linuxGccDPOpt/lib:/opt/openfoam220/platforms/linuxGccDPOpt/lib/dummy:/usr/java/packages/lib/i386:/usr/lib/i386-linux-gnu/jni:/lib/i386-linux-gnu:/usr/lib/i386-linux-gnu:/usr/lib/jni:/lib:/usr/lib"/>
    <property name="surefire.test.class.path" value="/home/xnote/zevoice/marytts/marytts-lang-ko/target/test-classes:/home/xnote/zevoice/marytts/marytts-lang-ko/target/classes:/home/xnote/.m2/repository/marytts/marytts-common/5.1-SNAPSHOT/marytts-common-5.1-SNAPSHOT.jar:/home/xnote/.m2/repository/commons-io/commons-io/2.0.1/commons-io-2.0.1.jar:/home/xnote/.m2/repository/log4j/log4j/1.2.16/log4j-1.2.16.jar:/home/xnote/.m2/repository/marytts/marytts-signalproc/5.1-SNAPSHOT/marytts-signalproc-5.1-SNAPSHOT.jar:/home/xnote/.m2/repository/org/swinglabs/swing-layout/1.0.3/swing-layout-1.0.3.jar:/home/xnote/.m2/repository/marytts/marytts-runtime/5.1-SNAPSHOT/marytts-runtime-5.1-SNAPSHOT.jar:/home/xnote/.m2/repository/commons-lang/commons-lang/2.6/commons-lang-2.6.jar:/home/xnote/.m2/repository/commons-collections/commons-collections/3.2.1/commons-collections-3.2.1.jar:/home/xnote/.m2/repository/emotionml-checker-java/emotionml-checker-java/1.0/emotionml-checker-java-1.0.jar:/home/xnote/.m2/repository/com/sun/speech/freetts/freetts/1.0/freetts-1.0.jar:/home/xnote/.m2/repository/com/sun/speech/freetts/freetts-de/1.0/freetts-de-1.0.jar:/home/xnote/.m2/repository/com/sun/speech/freetts/freetts-en_us/1.0/freetts-en_us-1.0.jar:/home/xnote/.m2/repository/de/dfki/lt/jtok/jtok-core/1.9.1/jtok-core-1.9.1.jar:/home/xnote/.m2/repository/org/slf4j/slf4j-api/1.6.1/slf4j-api-1.6.1.jar:/home/xnote/.m2/repository/org/slf4j/slf4j-log4j12/1.6.1/slf4j-log4j12-1.6.1.jar:/home/xnote/.m2/repository/net/sf/trove4j/trove4j/2.0.2/trove4j-2.0.2.jar:/home/xnote/.m2/repository/org/apache/httpcomponents/httpcore/4.1/httpcore-4.1.jar:/home/xnote/.m2/repository/org/apache/httpcomponents/httpcore-nio/4.1/httpcore-nio-4.1.jar:/home/xnote/.m2/repository/org/apache/opennlp/opennlp-maxent/3.0.1-incubating/opennlp-maxent-3.0.1-incubating.jar:/home/xnote/.m2/repository/org/apache/opennlp/opennlp-tools/1.5.1-incubating/opennlp-tools-1.5.1-incubating.jar:/home/xnote/.m2/repository/jwnl/jwnl/1.3.3/jwnl-1.3.3.jar:/home/xnote/.m2/repository/org/hsqldb/hsqldb/2.0.0/hsqldb-2.0.0.jar:/home/xnote/.m2/repository/junit/junit/4.8.2/junit-4.8.2.jar:"/>
    <property name="java.specification.name" value="Java Platform API Specification"/>
    <property name="java.class.version" value="50.0"/>
    <property name="sun.management.compiler" value="HotSpot Tiered Compilers"/>
    <property name="os.version" value="3.2.0-34-generic-pae"/>
    <property name="user.home" value="/home/xnote"/>
    <property name="user.timezone" value=""/>
    <property name="java.awt.printerjob" value="sun.print.PSPrinterJob"/>
    <property name="file.encoding" value="UTF-8"/>
    <property name="java.specification.version" value="1.6"/>
    <property name="user.name" value="xnote"/>
    <property name="java.class.path" value="/home/xnote/zevoice/marytts/marytts-lang-ko/target/test-classes:/home/xnote/zevoice/marytts/marytts-lang-ko/target/classes:/home/xnote/.m2/repository/marytts/marytts-common/5.1-SNAPSHOT/marytts-common-5.1-SNAPSHOT.jar:/home/xnote/.m2/repository/commons-io/commons-io/2.0.1/commons-io-2.0.1.jar:/home/xnote/.m2/repository/log4j/log4j/1.2.16/log4j-1.2.16.jar:/home/xnote/.m2/repository/marytts/marytts-signalproc/5.1-SNAPSHOT/marytts-signalproc-5.1-SNAPSHOT.jar:/home/xnote/.m2/repository/org/swinglabs/swing-layout/1.0.3/swing-layout-1.0.3.jar:/home/xnote/.m2/repository/marytts/marytts-runtime/5.1-SNAPSHOT/marytts-runtime-5.1-SNAPSHOT.jar:/home/xnote/.m2/repository/commons-lang/commons-lang/2.6/commons-lang-2.6.jar:/home/xnote/.m2/repository/commons-collections/commons-collections/3.2.1/commons-collections-3.2.1.jar:/home/xnote/.m2/repository/emotionml-checker-java/emotionml-checker-java/1.0/emotionml-checker-java-1.0.jar:/home/xnote/.m2/repository/com/sun/speech/freetts/freetts/1.0/freetts-1.0.jar:/home/xnote/.m2/repository/com/sun/speech/freetts/freetts-de/1.0/freetts-de-1.0.jar:/home/xnote/.m2/repository/com/sun/speech/freetts/freetts-en_us/1.0/freetts-en_us-1.0.jar:/home/xnote/.m2/repository/de/dfki/lt/jtok/jtok-core/1.9.1/jtok-core-1.9.1.jar:/home/xnote/.m2/repository/org/slf4j/slf4j-api/1.6.1/slf4j-api-1.6.1.jar:/home/xnote/.m2/repository/org/slf4j/slf4j-log4j12/1.6.1/slf4j-log4j12-1.6.1.jar:/home/xnote/.m2/repository/net/sf/trove4j/trove4j/2.0.2/trove4j-2.0.2.jar:/home/xnote/.m2/repository/org/apache/httpcomponents/httpcore/4.1/httpcore-4.1.jar:/home/xnote/.m2/repository/org/apache/httpcomponents/httpcore-nio/4.1/httpcore-nio-4.1.jar:/home/xnote/.m2/repository/org/apache/opennlp/opennlp-maxent/3.0.1-incubating/opennlp-maxent-3.0.1-incubating.jar:/home/xnote/.m2/repository/org/apache/opennlp/opennlp-tools/1.5.1-incubating/opennlp-tools-1.5.1-incubating.jar:/home/xnote/.m2/repository/jwnl/jwnl/1.3.3/jwnl-1.3.3.jar:/home/xnote/.m2/repository/org/hsqldb/hsqldb/2.0.0/hsqldb-2.0.0.jar:/home/xnote/.m2/repository/junit/junit/4.8.2/junit-4.8.2.jar:"/>
    <property name="java.vm.specification.version" value="1.0"/>
    <property name="sun.arch.data.model" value="32"/>
    <property name="java.home" value="/usr/lib/jvm/java-6-openjdk-i386/jre"/>
    <property name="sun.java.command" value="/home/xnote/zevoice/marytts/marytts-lang-ko/target/surefire/surefirebooter2155773468360836910.jar /home/xnote/zevoice/marytts/marytts-lang-ko/target/surefire/surefire3092825177845778840tmp /home/xnote/zevoice/marytts/marytts-lang-ko/target/surefire/surefire101350721929517063tmp"/>
    <property name="java.specification.vendor" value="Sun Microsystems Inc."/>
    <property name="user.language" value="en"/>
    <property name="java.vm.info" value="mixed mode"/>
    <property name="java.version" value="1.6.0_27"/>
    <property name="java.ext.dirs" value="/usr/lib/jvm/java-6-openjdk-i386/jre/lib/ext:/usr/java/packages/lib/ext"/>
    <property name="sun.boot.class.path" value="/usr/lib/jvm/java-6-openjdk-i386/jre/lib/resources.jar:/usr/lib/jvm/java-6-openjdk-i386/jre/lib/rt.jar:/usr/lib/jvm/java-6-openjdk-i386/jre/lib/sunrsasign.jar:/usr/lib/jvm/java-6-openjdk-i386/jre/lib/jsse.jar:/usr/lib/jvm/java-6-openjdk-i386/jre/lib/jce.jar:/usr/lib/jvm/java-6-openjdk-i386/jre/lib/charsets.jar:/usr/lib/jvm/java-6-openjdk-i386/jre/lib/netx.jar:/usr/lib/jvm/java-6-openjdk-i386/jre/lib/plugin.jar:/usr/lib/jvm/java-6-openjdk-i386/jre/lib/rhino.jar:/usr/lib/jvm/java-6-openjdk-i386/jre/lib/modules/jdk.boot.jar:/usr/lib/jvm/java-6-openjdk-i386/jre/classes"/>
    <property name="java.vendor" value="Sun Microsystems Inc."/>
    <property name="localRepository" value="/home/xnote/.m2/repository"/>
    <property name="file.separator" value="/"/>
    <property name="java.vendor.url.bug" value="http://java.sun.com/cgi-bin/bugreport.cgi"/>
    <property name="sun.cpu.endian" value="little"/>
    <property name="sun.io.unicode.encoding" value="UnicodeLittle"/>
    <property name="sun.desktop" value="gnome"/>
    <property name="sun.cpu.isalist" value=""/>
  </properties>
  <testcase time="0.006" classname="marytts.language.ko.KoreanConfigTest" name="isNotMainConfig"/>
  <testcase time="0.001" classname="marytts.language.ko.KoreanConfigTest" name="canGet"/>
  <testcase time="0" classname="marytts.language.ko.KoreanConfigTest" name="hasFrenchLocale"/>
</testsuite>